[
  {
    "Plan": {
      "Node Type": "ProjectSet",
      "Parallel Aware": false,
      "Async Capable": false,
      "Startup Cost": 0.00,
      "Total Cost": 5.27,
      "Plan Rows": 1000,
      "Plan Width": 32,
      "Actual Startup Time": 133.746,
      "Actual Total Time": 133.746,
      "Actual Rows": 0,
      "Actual Loops": 1,
      "Output": ["resource_auth_filter('1'::bigint)"],
      "Shared Hit Blocks": 38,
      "Shared Read Blocks": 1,
      "Shared Dirtied Blocks": 0,
      "Shared Written Blocks": 0,
      "Local Hit Blocks": 0,
      "Local Read Blocks": 0,
      "Local Dirtied Blocks": 0,
      "Local Written Blocks": 0,
      "Temp Read Blocks": 0,
      "Temp Written Blocks": 0,
      "Plans": [
        {
          "Node Type": "Result",
          "Parent Relationship": "Outer",
          "Parallel Aware": false,
          "Async Capable": false,
          "Startup Cost": 0.00,
          "Total Cost": 0.01,
          "Plan Rows": 1,
          "Plan Width": 0,
          "Actual Startup Time": 0.000,
          "Actual Total Time": 0.001,
          "Actual Rows": 1,
          "Actual Loops": 1,
          "Shared Hit Blocks": 0,
          "Shared Read Blocks": 0,
          "Shared Dirtied Blocks": 0,
          "Shared Written Blocks": 0,
          "Local Hit Blocks": 0,
          "Local Read Blocks": 0,
          "Local Dirtied Blocks": 0,
          "Local Written Blocks": 0,
          "Temp Read Blocks": 0,
          "Temp Written Blocks": 0
        }
      ]
    },
    "Planning": {
      "Shared Hit Blocks": 0,
      "Shared Read Blocks": 0,
      "Shared Dirtied Blocks": 0,
      "Shared Written Blocks": 0,
      "Local Hit Blocks": 0,
      "Local Read Blocks": 0,
      "Local Dirtied Blocks": 0,
      "Local Written Blocks": 0,
      "Temp Read Blocks": 0,
      "Temp Written Blocks": 0
    },
    "Planning Time": 0.025,
    "Triggers": [
    ],
    "Execution Time": 133.832
  }
]